#-----------------------------------------------------------
# Vivado v2018.2 (64-bit)
# SW Build 2258646 on Thu Jun 14 20:03:12 MDT 2018
# IP Build 2256618 on Thu Jun 14 22:10:49 MDT 2018
# Start of session at: Thu Apr  4 21:07:19 2024
# Process ID: 13484
# Current directory: C:/Users/joshu/Desktop/project/MODS.xpr/integrated
# Command line: vivado.exe -gui_launcher_event rodinguilauncherevent14040 C:\Users\joshu\Desktop\project\MODS.xpr\integrated\integrated.xpr
# Log file: C:/Users/joshu/Desktop/project/MODS.xpr/integrated/vivado.log
# Journal file: C:/Users/joshu/Desktop/project/MODS.xpr/integrated\vivado.jou
#-----------------------------------------------------------
start_gui
open_project C:/Users/joshu/Desktop/project/MODS.xpr/integrated/integrated.xpr
INFO: [Project 1-313] Project file moved from 'C:/Users/jun_y/OneDrive/Desktop/Project/MODS/.Xil/Vivado-8776-SureWin/PrjAr/_X_' since last save.
CRITICAL WARNING: [Project 1-311] Could not find the file 'C:/Users/joshu/Desktop/project/MODS.xpr/integrated/integrated.srcs/sources_1/imports/res/weights.coe', nor could it be found using path 'C:/Users/jun_y/OneDrive/Desktop/Project/MODS/.Xil/Vivado-8776-SureWin/PrjAr/_X_/integrated.srcs/sources_1/imports/res/weights.coe'.
CRITICAL WARNING: [Project 1-311] Could not find the file 'C:/Users/joshu/Desktop/project/MODS.xpr/integrated/integrated.srcs/sources_1/imports/res/00.coe', nor could it be found using path 'C:/Users/jun_y/OneDrive/Desktop/Project/MODS/.Xil/Vivado-8776-SureWin/PrjAr/_X_/integrated.srcs/sources_1/imports/res/00.coe'.
Scanning sources...
Finished scanning sources
INFO: [IP_Flow 19-234] Refreshing IP repositories
INFO: [IP_Flow 19-1704] No user IP repositories specified
INFO: [IP_Flow 19-2313] Loaded Vivado IP repository 'C:/Xilinx/Vivado/2018.2/data/ip'.
update_compile_order -fileset sources_1
exit
INFO: [Common 17-206] Exiting Vivado at Thu Apr  4 21:08:15 2024...
