#-----------------------------------------------------------
# Vivado v2018.2 (64-bit)
# SW Build 2258646 on Thu Jun 14 20:03:12 MDT 2018
# IP Build 2256618 on Thu Jun 14 22:10:49 MDT 2018
# Start of session at: Fri Apr  5 16:43:37 2024
# Process ID: 340
# Current directory: C:/Users/joshu/Desktop/project/MODS
# Command line: vivado.exe -gui_launcher_event rodinguilauncherevent14100 C:\Users\joshu\Desktop\project\MODS\MODS.xpr
# Log file: C:/Users/joshu/Desktop/project/MODS/vivado.log
# Journal file: C:/Users/joshu/Desktop/project/MODS\vivado.jou
#-----------------------------------------------------------
start_gui
open_project C:/Users/joshu/Desktop/project/MODS/MODS.xpr
Scanning sources...
Finished scanning sources
INFO: [IP_Flow 19-234] Refreshing IP repositories
INFO: [IP_Flow 19-1704] No user IP repositories specified
INFO: [IP_Flow 19-2313] Loaded Vivado IP repository 'C:/Xilinx/Vivado/2018.2/data/ip'.
open_project: Time (s): cpu = 00:00:06 ; elapsed = 00:00:09 . Memory (MB): peak = 902.902 ; gain = 165.289
update_compile_order -fileset sources_1
