Copyright 1986-2018 Xilinx, Inc. All Rights Reserved.
----------------------------------------------------------------------------------------
| Tool Version : Vivado v.2018.2 (win64) Build 2258646 Thu Jun 14 20:03:12 MDT 2018
| Date         : Sat Apr  6 12:49:09 2024
| Host         : LAPTOP-NSS21NBQ running 64-bit major release  (build 9200)
| Command      : report_control_sets -verbose -file Top_Student_control_sets_placed.rpt
| Design       : Top_Student
| Device       : xc7a35t
----------------------------------------------------------------------------------------

Control Set Information

Table of Contents
-----------------
1. Summary
2. Histogram
3. Flip-Flop Distribution
4. Detailed Control Set Information

1. Summary
----------

+----------------------------------------------------------+-------+
|                          Status                          | Count |
+----------------------------------------------------------+-------+
| Number of unique control sets                            |    92 |
| Unused register locations in slices containing registers |   168 |
+----------------------------------------------------------+-------+


2. Histogram
------------

+--------+--------------+
| Fanout | Control Sets |
+--------+--------------+
|      2 |            5 |
|      4 |            2 |
|      6 |            1 |
|      8 |            6 |
|     10 |            3 |
|     12 |            3 |
|     14 |            2 |
|    16+ |           70 |
+--------+--------------+


3. Flip-Flop Distribution
-------------------------

+--------------+-----------------------+------------------------+-----------------+--------------+
| Clock Enable | Synchronous Set/Reset | Asynchronous Set/Reset | Total Registers | Total Slices |
+--------------+-----------------------+------------------------+-----------------+--------------+
| No           | No                    | No                     |            2296 |          450 |
| No           | No                    | Yes                    |               0 |            0 |
| No           | Yes                   | No                     |            2070 |          284 |
| Yes          | No                    | No                     |             380 |           68 |
| Yes          | No                    | Yes                    |               0 |            0 |
| Yes          | Yes                   | No                     |             838 |          110 |
+--------------+-----------------------+------------------------+-----------------+--------------+


4. Detailed Control Set Information
-----------------------------------

+------------------------------------------------------------------------------+---------------------------------------------------------------+------------------------------------------------------------------+------------------+----------------+
|                                 Clock Signal                                 |                         Enable Signal                         |                         Set/Reset Signal                         | Slice Load Count | Bel Load Count |
+------------------------------------------------------------------------------+---------------------------------------------------------------+------------------------------------------------------------------+------------------+----------------+
|  clk_10                                                                      |                                                               |                                                                  |                1 |              2 |
| ~clk_6p25m_BUFG                                                              |                                                               |                                                                  |                1 |              2 |
|  clk_10_5                                                                    |                                                               |                                                                  |                1 |              2 |
|  animation_counter_reg[0]_i_4__0_n_0                                         |                                                               |                                                                  |                1 |              2 |
|  timer_count_reg[31]_i_3_n_0                                                 |                                                               |                                                                  |                1 |              2 |
|  timer/flexible_clock_module_100Hz/my_clk                                    | timer/an_display[1]_i_1_n_0                                   |                                                                  |                1 |              4 |
|  timer/flexible_clock_module_100Hz/my_clk                                    |                                                               |                                                                  |                1 |              4 |
|  clk_1000                                                                    |                                                               |                                                                  |                2 |              6 |
|  clk_25m_BUFG                                                                |                                                               | timer/game_stop                                                  |                4 |              8 |
|  clk_IBUF_BUFG                                                               | game_over_win_menu/b0                                         |                                                                  |                1 |              8 |
|  nolabel_line123/flexible_clock_module_1/bomb_radius_reg[0]                  |                                                               | nolabel_line123/bomb_radius[3]                                   |                1 |              8 |
|  clk_IBUF_BUFG                                                               | nolabel_line123/b0                                            |                                                                  |                2 |              8 |
|  clk_IBUF_BUFG                                                               | game_over_lose_menu/b0                                        |                                                                  |                1 |              8 |
|  clk_IBUF_BUFG                                                               | nolabel_line88/Inst_Ps2Interface/shift_frame                  | nolabel_line88/Inst_Ps2Interface/reset_bit_count                 |                1 |              8 |
|  game_over_lose_menu/flexible_clock_module_10/simple_harmonic_counter_reg[0] |                                                               |                                                                  |                3 |             10 |
|  game_over_win_menu/flexible_clock_module_10/simple_harmonic_counter_reg[0]  |                                                               |                                                                  |                3 |             10 |
|  clk_IBUF_BUFG                                                               | nolabel_line88/Inst_Ps2Interface/left_down_reg                | nolabel_line88/x_overflow_i_1_n_0                                |                2 |             10 |
|  nolabel_line123/flexible_clock_module_25m/my_clk                            |                                                               | nolabel_line58/pixel_data_reg[0]_1                               |                3 |             12 |
|  clicked_back_reg_i_2_n_0                                                    |                                                               |                                                                  |                4 |             12 |
|  clk_IBUF_BUFG                                                               |                                                               | nolabel_line88/SS[0]                                             |                4 |             12 |
|  timer/flexible_clock_module_100Hz/my_clk                                    | timer/seg_display0_in                                         | timer/seg_display[6]_i_1_n_0                                     |                1 |             14 |
|  clk_IBUF_BUFG                                                               | nolabel_line88/Inst_Ps2Interface/delay_63clk_count[6]_i_2_n_0 | nolabel_line88/Inst_Ps2Interface/delay_63clk_count[6]_i_1_n_0    |                3 |             14 |
|  clk_IBUF_BUFG                                                               | nolabel_line88/write_data_1                                   |                                                                  |                4 |             16 |
|  clk_IBUF_BUFG                                                               | nolabel_line88/Inst_Ps2Interface/y_inc_reg[0]                 | nolabel_line88/y_inc[5]_i_1_n_0                                  |                3 |             16 |
|  clk_IBUF_BUFG                                                               | nolabel_line88/Inst_Ps2Interface/x_inc_reg[0]                 | nolabel_line88/x_inc[7]_i_1_n_0                                  |                1 |             16 |
|  clk_IBUF_BUFG                                                               | nolabel_line88/Inst_Ps2Interface/load_rx_data                 |                                                                  |                2 |             16 |
|  clk_25m_BUFG                                                                | Music/counter_octave                                          |                                                                  |                3 |             16 |
|  clk_IBUF_BUFG                                                               | transmit/r_TX_Data                                            |                                                                  |                2 |             16 |
|  clk_25m_BUFG                                                                |                                                               | game/unit8/oled_data[15]_i_1_n_0                                 |                3 |             18 |
|  clk_IBUF_BUFG                                                               | nolabel_line88/Inst_Ps2Interface/frame[9]_i_1_n_0             |                                                                  |                2 |             20 |
|  clk_IBUF_BUFG                                                               | receive/r_Clock_Count[9]_i_2__0_n_0                           | receive/r_Clock_Count[9]_i_1__0_n_0                              |                6 |             20 |
|  clk_IBUF_BUFG                                                               | nolabel_line88/Inst_Ps2Interface/delay_20us_count[10]_i_2_n_0 | nolabel_line88/Inst_Ps2Interface/delay_20us_count[10]_i_1_n_0    |                3 |             22 |
|  clk_IBUF_BUFG                                                               | nolabel_line88/x_new_reg_n_0                                  |                                                                  |                5 |             24 |
|  clk_IBUF_BUFG                                                               | nolabel_line88/y_new_reg_n_0                                  |                                                                  |                6 |             24 |
|  game_over_lose_menu/flexible_clock_module_25m/CLK                           |                                                               |                                                                  |                6 |             26 |
|  game_over_win_menu/flexible_clock_module_25m/CLK                            |                                                               |                                                                  |                6 |             26 |
|  clicked_back_reg_i_2_n_0                                                    | nolabel_line129/animation_slider_cursor_x[7]_i_1_n_0          |                                                                  |                5 |             26 |
|  clicked_back_reg_i_2_n_0                                                    | nolabel_line129/sel                                           |                                                                  |                4 |             26 |
|  clk_IBUF_BUFG                                                               | nolabel_line88/Inst_Ps2Interface/delay_100us_count[0]_i_2_n_0 | nolabel_line88/Inst_Ps2Interface/clear                           |                4 |             28 |
|  nolabel_line129/flexible_clock_module_25m/CLK                               |                                                               |                                                                  |                6 |             30 |
|  wipe_main_settings/flexible_clock_module_25m/CLK                            | nolabel_line58/E[0]                                           | wipe_main_settings/pixel_data[15]_i_1__4_n_0                     |                3 |             32 |
|  wipe_settings_main/flexible_clock_module_25m/CLK                            | wipe_settings_main/p_1_in__0                                  | wipe_settings_main/pixel_data[15]_i_1__5_n_0                     |                3 |             32 |
|  nolabel_line157/flexible_clock_module_25m/CLK                               |                                                               |                                                                  |                8 |             32 |
| ~clk_6p25m_BUFG                                                              |                                                               | nolabel_line58/frame_counter[16]_i_1_n_0                         |                5 |             34 |
|  my_clk_BUFG                                                                 |                                                               |                                                                  |                6 |             36 |
| ~clk_6p25m_BUFG                                                              | nolabel_line58/delay[0]_i_1_n_0                               |                                                                  |                5 |             40 |
|  clk_IBUF_BUFG                                                               |                                                               | nolabel_line88/reset_timeout_cnt                                 |                6 |             48 |
|  nolabel_line123/flexible_clock_module_25m/my_clk                            |                                                               |                                                                  |               14 |             48 |
|  clk_IBUF_BUFG                                                               |                                                               | nolabel_line88/reset_periodic_check_cnt                          |                7 |             52 |
|  clk_25m_BUFG                                                                |                                                               | game/count[31]_i_1__0_n_0                                        |                8 |             62 |
|  clk_1000                                                                    | game/unit10/state_reg_n_0                                     | game/unit10/debounce_counter[31]_i_1_n_0                         |                8 |             62 |
|  clk_25m_BUFG                                                                |                                                               | game/unit8/count[31]_i_1_n_0                                     |                8 |             62 |
|  my_clk_BUFG                                                                 | nolabel_line112/state_reg_n_0                                 | nolabel_line112/debounce_counter[31]_i_1__2_n_0                  |                8 |             62 |
|  my_clk_BUFG                                                                 | nolabel_line114/state_reg_n_0                                 | nolabel_line114/debounce_counter[31]_i_1__4_n_0                  |                8 |             62 |
|  my_clk_BUFG                                                                 | nolabel_line118/state_reg_n_0                                 | nolabel_line118/debounce_counter[31]_i_1__5_n_0                  |                8 |             62 |
|  my_clk_BUFG                                                                 | nolabel_line111/state_reg_n_0                                 | nolabel_line111/debounce_counter[31]_i_1__1_n_0                  |                8 |             62 |
|  my_clk_BUFG                                                                 | nolabel_line110/state_reg_n_0                                 | nolabel_line110/debounce_counter[31]_i_1__0_n_0                  |                8 |             62 |
|  my_clk_BUFG                                                                 | nolabel_line113/state_reg_n_0                                 | nolabel_line113/debounce_counter[31]_i_1__3_n_0                  |                8 |             62 |
|  clk_IBUF_BUFG                                                               |                                                               | nolabel_line123/flexible_clock_module_1/count[0]_i_1__8_n_0      |                8 |             64 |
|  clk_IBUF_BUFG                                                               |                                                               | wipe_settings_main/flexible_clock_module_25m/clear               |                8 |             64 |
|  clk_IBUF_BUFG                                                               |                                                               | game/flexible_clock_1000/clear                                   |                8 |             64 |
|  clk_IBUF_BUFG                                                               |                                                               | nolabel_line129/flexible_clock_module_1000/count[0]_i_1__9_n_0   |                8 |             64 |
|  clk_IBUF_BUFG                                                               |                                                               | nolabel_line129/flexible_clock_module_25m/clear                  |                8 |             64 |
|  clk_IBUF_BUFG                                                               |                                                               | wipe_main_settings/flexible_clock_module_10/clear                |                8 |             64 |
|  clk_IBUF_BUFG                                                               |                                                               | wipe_main_settings/flexible_clock_module_25m/clear               |                8 |             64 |
|  clk_IBUF_BUFG                                                               |                                                               | wipe_settings_main/flexible_clock_module_10/clear                |                8 |             64 |
|  clk_10                                                                      | wipe_main_settings/animation_counter_0                        | wipe_main_settings/clear__0                                      |                8 |             64 |
|  clk_10_5                                                                    | wipe_settings_main/animation_counter                          | wipe_settings_main/animation_counter[0]_i_1__1_n_0               |                8 |             64 |
|  animation_counter_reg[0]_i_4__0_n_0                                         | nolabel_line157/animation_counter                             | nolabel_line157/animation_counter[0]_i_1_n_0                     |                8 |             64 |
| ~clk_6p25m_BUFG                                                              | nolabel_line58/FSM_onehot_state[31]_i_1__0_n_0                |                                                                  |               11 |             64 |
|  clk_25m_BUFG                                                                |                                                               | timer/mole_state637_in                                           |                8 |             64 |
|  clk_25m_BUFG                                                                |                                                               | timer/mole_state6                                                |                8 |             64 |
|  clk_25m_BUFG                                                                |                                                               | timer/mole_state640_in                                           |                8 |             64 |
|  clk_25m_BUFG                                                                |                                                               | game/unit10/SR[0]                                                |               14 |             64 |
|  clk_25m_BUFG                                                                | game/unit8/correct_press_count2                               |                                                                  |               14 |             64 |
|  clk_IBUF_BUFG                                                               |                                                               | timer/flexible_clock_module_100Hz/clear                          |                8 |             64 |
|  clk_IBUF_BUFG                                                               |                                                               | timer/flexible_clock_module_1Hz/count[0]_i_1__6_n_0              |                8 |             64 |
|  clk_25m_BUFG                                                                |                                                               | game/defuse_timer0                                               |                8 |             64 |
|  clk_IBUF_BUFG                                                               |                                                               | nolabel_line157/flexible_clock_module_10/count[0]_i_1__15_n_0    |                8 |             64 |
|  clk_IBUF_BUFG                                                               |                                                               | nolabel_line157/flexible_clock_module_25m/clear                  |                8 |             64 |
|  clk_IBUF_BUFG                                                               |                                                               | game_over_lose_menu/flexible_clock_module_10/count[0]_i_1__1_n_0 |                8 |             64 |
|  clk_IBUF_BUFG                                                               |                                                               | flexible_clock_module_6p25m/count[0]_i_1__13_n_0                 |                8 |             64 |
|  clk_IBUF_BUFG                                                               |                                                               | flexible_clock_module_1000/count[0]_i_1__11_n_0                  |                8 |             64 |
|  clk_IBUF_BUFG                                                               |                                                               | flexible_clock_module_25m/count[0]_i_1__12_n_0                   |                8 |             64 |
|  clk_IBUF_BUFG                                                               |                                                               | game_over_lose_menu/flexible_clock_module_25m/clear              |                8 |             64 |
|  clk_IBUF_BUFG                                                               |                                                               | game_over_win_menu/flexible_clock_module_25m/clear               |                8 |             64 |
|  clk_IBUF_BUFG                                                               |                                                               | nolabel_line123/flexible_clock_module_25m/clear                  |                8 |             64 |
|  clk_IBUF_BUFG                                                               |                                                               | game_over_win_menu/flexible_clock_module_10/count[0]_i_1_n_0     |                8 |             64 |
|  timer_count_reg[31]_i_3_n_0                                                 |                                                               | timer/p_1_in                                                     |               11 |             64 |
| ~clk_6p25m_BUFG                                                              |                                                               | nolabel_line58/spi_word[39]_i_1_n_0                              |               18 |             90 |
|  clk_IBUF_BUFG                                                               |                                                               |                                                                  |              171 |            948 |
|  clk_25m_BUFG                                                                |                                                               |                                                                  |              215 |           1098 |
+------------------------------------------------------------------------------+---------------------------------------------------------------+------------------------------------------------------------------+------------------+----------------+


